<?xml version="1.0" encoding="UTF-8"?>
<testsuite name="TestSuite" time="0.018" tests="5" errors="0" skipped="0" failures="4">
  <properties>
[...]
</properties>
  <testcase name="NGTest1" classname="kovair.JenkinsIntegration1.JenkinsIntegrationTestNGClass" time="0.016">
    <failure type="java.lang.AssertionError:">java.lang.AssertionError: null
	at org.testng.Assert.fail(Assert.java:96)
	at org.testng.Assert.fail(Assert.java:103)
	at kovair.JenkinsIntegration1.JenkinsIntegrationTestNGClass.NGTest1(JenkinsIntegrationTestNGClass.java:41)
</failure>
    <system-out>In Test 1
</system-out>
    <system-err>Starting ChromeDriver 2.46.628402 (536cd7adbad73a3783fdc2cab92ab2ba7ec361e1) on port 25800
Only local connections are allowed.
Please protect ports used by ChromeDriver and related test frameworks to prevent access by malicious code.
Jun 13, 2019 11:46:40 AM org.openqa.selenium.remote.ProtocolHandshake createSession
INFO: Detected dialect: OSS
</system-err>
  </testcase>
  <testcase name="NGTest2" classname="kovair.JenkinsIntegration1.JenkinsIntegrationTestNGClass" time="0.001">
    <failure type="java.lang.AssertionError:">java.lang.AssertionError: null
	at org.testng.Assert.fail(Assert.java:96)
	at org.testng.Assert.fail(Assert.java:103)
	at kovair.JenkinsIntegration1.JenkinsIntegrationTestNGClass.NGTest2(JenkinsIntegrationTestNGClass.java:49)
</failure>
    <system-out>In Test 2
</system-out>
  </testcase>
  <testcase name="NGTest3" classname="kovair.JenkinsIntegration1.JenkinsIntegrationTestNGClass" time="0">
    <failure type="java.lang.AssertionError:">java.lang.AssertionError: null
	at org.testng.Assert.fail(Assert.java:96)
	at org.testng.Assert.fail(Assert.java:103)
	at kovair.JenkinsIntegration1.JenkinsIntegrationTestNGClass.NGTest3(JenkinsIntegrationTestNGClass.java:59)
</failure>
    <system-out>In Test 3
</system-out>
  </testcase>
  <testcase name="NGTest4" classname="kovair.JenkinsIntegration1.JenkinsIntegrationTestNGClass" time="0.001">
    <failure type="java.lang.AssertionError:">java.lang.AssertionError: null
	at org.testng.Assert.fail(Assert.java:96)
	at org.testng.Assert.fail(Assert.java:103)
	at kovair.JenkinsIntegration1.JenkinsIntegrationTestNGClass.NGTest4(JenkinsIntegrationTestNGClass.java:66)
</failure>
    <system-out>In Test 4
</system-out>
  </testcase>
  <testcase name="NGTest5" classname="kovair.JenkinsIntegration1.JenkinsIntegrationTestNGClass" time="0"/>
</testsuite>