<?xml version="1.0" encoding="UTF-8"?>
<testng-results skipped="1" failed="1" ignored="0" total="3" passed="1">
  <reporter-output>
    <line>
      <![CDATA[<a href='D:\PrasenjitOffice\OneDrive - Kovair Software\My Kovair Files\EclipseWorkspace\JenkinsIntegration1\src\test\java\scrpackage\NGTest110.png'> <img src='D:\PrasenjitOffice\OneDrive - Kovair Software\My Kovair Files\EclipseWorkspace\JenkinsIntegration1\src\test\java\scrpackage\NGTest110.png' height='100' width='100'/> </a>]]>
    </line>
  </reporter-output>
  <suite name="Default suite" duration-ms="11656" started-at="2019-06-11T09:48:20Z" finished-at="2019-06-11T09:48:31Z">
    <groups>
    </groups>
    <test name="Default test" duration-ms="11656" started-at="2019-06-11T09:48:20Z" finished-at="2019-06-11T09:48:31Z">
      <class name="kovair.JenkinsIntegration1.JenkinsIntegrationTestNGClass">
        <test-method status="PASS" signature="BeforeTest()[pri:0, instance:kovair.JenkinsIntegration1.JenkinsIntegrationTestNGClass@343f4d3d]" name="BeforeTest" is-config="true" duration-ms="9920" started-at="2019-06-11T09:48:20Z" finished-at="2019-06-11T09:48:30Z">
          <reporter-output>
          </reporter-output>
        </test-method> <!-- BeforeTest -->
        <test-method status="FAIL" signature="NGTest1()[pri:0, instance:kovair.JenkinsIntegration1.JenkinsIntegrationTestNGClass@343f4d3d]" name="NGTest1" duration-ms="10" started-at="2019-06-11T09:48:30Z" finished-at="2019-06-11T09:48:30Z">
          <exception class="java.lang.AssertionError">
            <message>
              <![CDATA[null]]>
            </message>
            <full-stacktrace>
              <![CDATA[java.lang.AssertionError: null
at org.testng.Assert.fail(Assert.java:96)
at org.testng.Assert.fail(Assert.java:103)
at kovair.JenkinsIntegration1.JenkinsIntegrationTestNGClass.NGTest1(JenkinsIntegrationTestNGClass.java:41)
at sun.reflect.NativeMethodAccessorImpl.invoke0(Native Method)
at sun.reflect.NativeMethodAccessorImpl.invoke(NativeMethodAccessorImpl.java:62)
at sun.reflect.DelegatingMethodAccessorImpl.invoke(DelegatingMethodAccessorImpl.java:43)
at java.lang.reflect.Method.invoke(Method.java:498)
at org.testng.internal.MethodInvocationHelper.invokeMethod(MethodInvocationHelper.java:124)
at org.testng.internal.Invoker.invokeMethod(Invoker.java:583)
at org.testng.internal.Invoker.invokeTestMethod(Invoker.java:719)
at org.testng.internal.Invoker.invokeTestMethods(Invoker.java:989)
at org.testng.internal.TestMethodWorker.invokeTestMethods(TestMethodWorker.java:125)
at org.testng.internal.TestMethodWorker.run(TestMethodWorker.java:109)
at org.testng.TestRunner.privateRun(TestRunner.java:648)
at org.testng.TestRunner.run(TestRunner.java:505)
at org.testng.SuiteRunner.runTest(SuiteRunner.java:455)
at org.testng.SuiteRunner.runSequentially(SuiteRunner.java:450)
at org.testng.SuiteRunner.privateRun(SuiteRunner.java:415)
at org.testng.SuiteRunner.run(SuiteRunner.java:364)
at org.testng.SuiteRunnerWorker.runSuite(SuiteRunnerWorker.java:52)
at org.testng.SuiteRunnerWorker.run(SuiteRunnerWorker.java:84)
at org.testng.TestNG.runSuitesSequentially(TestNG.java:1208)
at org.testng.TestNG.runSuitesLocally(TestNG.java:1137)
at org.testng.TestNG.runSuites(TestNG.java:1049)
at org.testng.TestNG.run(TestNG.java:1017)
at org.testng.remote.AbstractRemoteTestNG.run(AbstractRemoteTestNG.java:114)
at org.testng.remote.RemoteTestNG.initAndRun(RemoteTestNG.java:251)
at org.testng.remote.RemoteTestNG.main(RemoteTestNG.java:77)
]]>
            </full-stacktrace>
          </exception> <!-- java.lang.AssertionError -->
          <reporter-output>
          </reporter-output>
        </test-method> <!-- NGTest1 -->
        <test-method status="PASS" signature="AfterMethod(org.testng.ITestResult)[pri:0, instance:kovair.JenkinsIntegration1.JenkinsIntegrationTestNGClass@343f4d3d]" name="AfterMethod" is-config="true" duration-ms="381" started-at="2019-06-11T09:48:30Z" finished-at="2019-06-11T09:48:30Z">
          <params>
            <param index="0">
              <value>
                <![CDATA[[TestResult name=NGTest1 status=FAILURE method=JenkinsIntegrationTestNGClass.NGTest1()[pri:0, instance:kovair.JenkinsIntegration1.JenkinsIntegrationTestNGClass@343f4d3d] output={null}]]]>
              </value>
            </param>
          </params>
          <reporter-output>
            <line>
              <![CDATA[<a href='D:\PrasenjitOffice\OneDrive - Kovair Software\My Kovair Files\EclipseWorkspace\JenkinsIntegration1\src\test\java\scrpackage\NGTest110.png'> <img src='D:\PrasenjitOffice\OneDrive - Kovair Software\My Kovair Files\EclipseWorkspace\JenkinsIntegration1\src\test\java\scrpackage\NGTest110.png' height='100' width='100'/> </a>]]>
            </line>
          </reporter-output>
        </test-method> <!-- AfterMethod -->
        <test-method status="SKIP" signature="NGTest2()[pri:0, instance:kovair.JenkinsIntegration1.JenkinsIntegrationTestNGClass@343f4d3d]" name="NGTest2" duration-ms="5" started-at="2019-06-11T09:48:30Z" finished-at="2019-06-11T09:48:30Z">
          <exception class="org.testng.SkipException">
            <message>
              <![CDATA[NGTest2 skipped]]>
            </message>
            <full-stacktrace>
              <![CDATA[org.testng.SkipException: NGTest2 skipped
at kovair.JenkinsIntegration1.JenkinsIntegrationTestNGClass.NGTest2(JenkinsIntegrationTestNGClass.java:51)
at sun.reflect.NativeMethodAccessorImpl.invoke0(Native Method)
at sun.reflect.NativeMethodAccessorImpl.invoke(NativeMethodAccessorImpl.java:62)
at sun.reflect.DelegatingMethodAccessorImpl.invoke(DelegatingMethodAccessorImpl.java:43)
at java.lang.reflect.Method.invoke(Method.java:498)
at org.testng.internal.MethodInvocationHelper.invokeMethod(MethodInvocationHelper.java:124)
at org.testng.internal.Invoker.invokeMethod(Invoker.java:583)
at org.testng.internal.Invoker.invokeTestMethod(Invoker.java:719)
at org.testng.internal.Invoker.invokeTestMethods(Invoker.java:989)
at org.testng.internal.TestMethodWorker.invokeTestMethods(TestMethodWorker.java:125)
at org.testng.internal.TestMethodWorker.run(TestMethodWorker.java:109)
at org.testng.TestRunner.privateRun(TestRunner.java:648)
at org.testng.TestRunner.run(TestRunner.java:505)
at org.testng.SuiteRunner.runTest(SuiteRunner.java:455)
at org.testng.SuiteRunner.runSequentially(SuiteRunner.java:450)
at org.testng.SuiteRunner.privateRun(SuiteRunner.java:415)
at org.testng.SuiteRunner.run(SuiteRunner.java:364)
at org.testng.SuiteRunnerWorker.runSuite(SuiteRunnerWorker.java:52)
at org.testng.SuiteRunnerWorker.run(SuiteRunnerWorker.java:84)
at org.testng.TestNG.runSuitesSequentially(TestNG.java:1208)
at org.testng.TestNG.runSuitesLocally(TestNG.java:1137)
at org.testng.TestNG.runSuites(TestNG.java:1049)
at org.testng.TestNG.run(TestNG.java:1017)
at org.testng.remote.AbstractRemoteTestNG.run(AbstractRemoteTestNG.java:114)
at org.testng.remote.RemoteTestNG.initAndRun(RemoteTestNG.java:251)
at org.testng.remote.RemoteTestNG.main(RemoteTestNG.java:77)
]]>
            </full-stacktrace>
          </exception> <!-- org.testng.SkipException -->
          <reporter-output>
          </reporter-output>
        </test-method> <!-- NGTest2 -->
        <test-method status="PASS" signature="AfterMethod(org.testng.ITestResult)[pri:0, instance:kovair.JenkinsIntegration1.JenkinsIntegrationTestNGClass@343f4d3d]" name="AfterMethod" is-config="true" duration-ms="0" started-at="2019-06-11T09:48:30Z" finished-at="2019-06-11T09:48:30Z">
          <params>
            <param index="0">
              <value>
                <![CDATA[[TestResult name=NGTest2 status=SKIP method=JenkinsIntegrationTestNGClass.NGTest2()[pri:0, instance:kovair.JenkinsIntegration1.JenkinsIntegrationTestNGClass@343f4d3d] output={null}]]]>
              </value>
            </param>
          </params>
          <reporter-output>
          </reporter-output>
        </test-method> <!-- AfterMethod -->
        <test-method status="PASS" signature="NGTest3()[pri:0, instance:kovair.JenkinsIntegration1.JenkinsIntegrationTestNGClass@343f4d3d]" name="NGTest3" duration-ms="1" started-at="2019-06-11T09:48:30Z" finished-at="2019-06-11T09:48:30Z">
          <reporter-output>
          </reporter-output>
        </test-method> <!-- NGTest3 -->
        <test-method status="PASS" signature="AfterMethod(org.testng.ITestResult)[pri:0, instance:kovair.JenkinsIntegration1.JenkinsIntegrationTestNGClass@343f4d3d]" name="AfterMethod" is-config="true" duration-ms="1" started-at="2019-06-11T09:48:30Z" finished-at="2019-06-11T09:48:30Z">
          <params>
            <param index="0">
              <value>
                <![CDATA[[TestResult name=NGTest3 status=SUCCESS method=JenkinsIntegrationTestNGClass.NGTest3()[pri:0, instance:kovair.JenkinsIntegration1.JenkinsIntegrationTestNGClass@343f4d3d] output={null}]]]>
              </value>
            </param>
          </params>
          <reporter-output>
          </reporter-output>
        </test-method> <!-- AfterMethod -->
        <test-method status="PASS" signature="AfterTest()[pri:0, instance:kovair.JenkinsIntegration1.JenkinsIntegrationTestNGClass@343f4d3d]" name="AfterTest" is-config="true" duration-ms="1280" started-at="2019-06-11T09:48:30Z" finished-at="2019-06-11T09:48:31Z">
          <reporter-output>
          </reporter-output>
        </test-method> <!-- AfterTest -->
      </class> <!-- kovair.JenkinsIntegration1.JenkinsIntegrationTestNGClass -->
    </test> <!-- Default test -->
  </suite> <!-- Default suite -->
</testng-results>
