<?xml version="1.0" encoding="UTF-8"?>
<testng-results skipped="0" failed="0" ignored="0" total="3" passed="3">
  <reporter-output>
  </reporter-output>
  <suite name="Default suite" duration-ms="14601" started-at="2019-06-11T10:12:55Z" finished-at="2019-06-11T10:13:10Z">
    <groups>
    </groups>
    <test name="Default test" duration-ms="14601" started-at="2019-06-11T10:12:55Z" finished-at="2019-06-11T10:13:10Z">
      <class name="kovair.JenkinsIntegration1.JenkinsIntegrationTestNGClass">
        <test-method status="PASS" signature="BeforeTest()[pri:0, instance:kovair.JenkinsIntegration1.JenkinsIntegrationTestNGClass@42e26948]" name="BeforeTest" is-config="true" duration-ms="13284" started-at="2019-06-11T10:12:55Z" finished-at="2019-06-11T10:13:08Z">
          <reporter-output>
          </reporter-output>
        </test-method> <!-- BeforeTest -->
        <test-method status="PASS" signature="NGTest1()[pri:0, instance:kovair.JenkinsIntegration1.JenkinsIntegrationTestNGClass@42e26948]" name="NGTest1" duration-ms="10" started-at="2019-06-11T10:13:08Z" finished-at="2019-06-11T10:13:08Z">
          <reporter-output>
          </reporter-output>
        </test-method> <!-- NGTest1 -->
        <test-method status="PASS" signature="AfterMethod(org.testng.ITestResult)[pri:0, instance:kovair.JenkinsIntegration1.JenkinsIntegrationTestNGClass@42e26948]" name="AfterMethod" is-config="true" duration-ms="4" started-at="2019-06-11T10:13:08Z" finished-at="2019-06-11T10:13:08Z">
          <params>
            <param index="0">
              <value>
                <![CDATA[[TestResult name=NGTest1 status=SUCCESS method=JenkinsIntegrationTestNGClass.NGTest1()[pri:0, instance:kovair.JenkinsIntegration1.JenkinsIntegrationTestNGClass@42e26948] output={null}]]]>
              </value>
            </param>
          </params>
          <reporter-output>
          </reporter-output>
        </test-method> <!-- AfterMethod -->
        <test-method status="PASS" signature="NGTest2()[pri:0, instance:kovair.JenkinsIntegration1.JenkinsIntegrationTestNGClass@42e26948]" name="NGTest2" duration-ms="3" started-at="2019-06-11T10:13:08Z" finished-at="2019-06-11T10:13:08Z">
          <reporter-output>
          </reporter-output>
        </test-method> <!-- NGTest2 -->
        <test-method status="PASS" signature="AfterMethod(org.testng.ITestResult)[pri:0, instance:kovair.JenkinsIntegration1.JenkinsIntegrationTestNGClass@42e26948]" name="AfterMethod" is-config="true" duration-ms="1" started-at="2019-06-11T10:13:08Z" finished-at="2019-06-11T10:13:08Z">
          <params>
            <param index="0">
              <value>
                <![CDATA[[TestResult name=NGTest2 status=SUCCESS method=JenkinsIntegrationTestNGClass.NGTest2()[pri:0, instance:kovair.JenkinsIntegration1.JenkinsIntegrationTestNGClass@42e26948] output={null}]]]>
              </value>
            </param>
          </params>
          <reporter-output>
          </reporter-output>
        </test-method> <!-- AfterMethod -->
        <test-method status="PASS" signature="NGTest3()[pri:0, instance:kovair.JenkinsIntegration1.JenkinsIntegrationTestNGClass@42e26948]" name="NGTest3" duration-ms="1" started-at="2019-06-11T10:13:08Z" finished-at="2019-06-11T10:13:08Z">
          <reporter-output>
          </reporter-output>
        </test-method> <!-- NGTest3 -->
        <test-method status="PASS" signature="AfterMethod(org.testng.ITestResult)[pri:0, instance:kovair.JenkinsIntegration1.JenkinsIntegrationTestNGClass@42e26948]" name="AfterMethod" is-config="true" duration-ms="1" started-at="2019-06-11T10:13:08Z" finished-at="2019-06-11T10:13:08Z">
          <params>
            <param index="0">
              <value>
                <![CDATA[[TestResult name=NGTest3 status=SUCCESS method=JenkinsIntegrationTestNGClass.NGTest3()[pri:0, instance:kovair.JenkinsIntegration1.JenkinsIntegrationTestNGClass@42e26948] output={null}]]]>
              </value>
            </param>
          </params>
          <reporter-output>
          </reporter-output>
        </test-method> <!-- AfterMethod -->
        <test-method status="PASS" signature="AfterTest()[pri:0, instance:kovair.JenkinsIntegration1.JenkinsIntegrationTestNGClass@42e26948]" name="AfterTest" is-config="true" duration-ms="1236" started-at="2019-06-11T10:13:08Z" finished-at="2019-06-11T10:13:10Z">
          <reporter-output>
          </reporter-output>
        </test-method> <!-- AfterTest -->
      </class> <!-- kovair.JenkinsIntegration1.JenkinsIntegrationTestNGClass -->
    </test> <!-- Default test -->
  </suite> <!-- Default suite -->
</testng-results>
